| 49        | 0.9479    | 1.073     | 0.982     | 1.052     | 1.084     | 1.0       |
| 50        | 0.9512    | 1.049     | 1.0       | 4.379     | 2.312     | 1.0       |
| 51        | 0.9504    | 1.511     | 1.0       | 5.0       | 3.0       | 1.0       |
| 52        | 0.9522    | 0.6645    | 1.0       | 4.497     | 1.304     | 1.0       |
| 53        | 0.9481    | 1.215     | 0.7957    | 2.017     | 1.019     | 1.0       |
| 54        | 0.9254    | 4.391     | 1.0       | 1.0       | 3.0       | 1.0       |
| 55        | 0.9117    | 7.301     | 1.0       | 5.0       | 1.0       | 1.0       |
| 56        | 0.9516    | 0.6641    | 0.7       | 2.965     | 1.312     | 1.0       |
| 57        | 0.9289    | 6.542     | 1.0       | 3.623     | 3.0       | 1.0       |
| 58        | 0.9475    | 1.362     | 0.9955    | 4.43      | 1.685     | 1.0       |
| 59        | 0.9527    | 0.5379    | 0.7       | 4.011     | 1.504     | 1.0       |
| 60        | 0.9507    | 1.358     | 0.7207    | 4.741     | 2.592     | 1.0       |
=====================================================================================
Best parameters for label severe_toxic: {'alpha': 0.537899295687526, 'max_df': 0.7, 'min_df': 4, 'ngram_range': (1, 1)}
Optimizing for label: obscene
|   iter    |  target   |   alpha   |  max_df   |  min_df   | ngram_... | ngram_... |
-------------------------------------------------------------------------------------
| 1         | 0.9325    | 3.752     | 0.9852    | 3.928     | 2.197     | 1.0       |
| 2         | 0.9408    | 1.568     | 0.7174    | 4.465     | 2.202     | 1.0       |
| 3         | 0.9405    | 0.2156    | 0.991     | 4.33      | 1.425     | 1.0       |
| 4         | 0.9353    | 1.842     | 0.7913    | 3.099     | 1.864     | 1.0       |
| 5         | 0.9067    | 6.122     | 0.7418    | 2.169     | 1.733     | 1.0       |
| 6         | 0.916     | 7.854     | 0.7599    | 3.057     | 2.185     | 1.0       |
| 7         | 0.9158    | 6.079     | 0.7512    | 1.26      | 2.898     | 1.0       |
| 8         | 0.9088    | 8.086     | 0.7914    | 1.391     | 2.368     | 1.0       |
| 9         | 0.9292    | 1.229     | 0.8486    | 1.138     | 2.819     | 1.0       |
| 10        | 0.9207    | 6.629     | 0.7935    | 3.08      | 2.093     | 1.0       |
| 11        | 0.9197    | 0.01      | 1.0       | 5.0       | 3.0       | 1.0       |
| 12        | 0.9377    | 1.798     | 1.0       | 5.0       | 1.0       | 1.0       |
| 13        | 0.9229    | 0.01      | 0.7       | 2.705     | 1.0       | 1.0       |
| 14        | 0.938     | 2.722     | 0.7005    | 4.987     | 2.657     | 1.0       |
| 15        | 0.9269    | 5.605     | 0.7       | 5.0       | 3.0       | 1.0       |
| 16        | 0.9427    | 0.4519    | 0.7       | 5.0       | 1.0       | 1.0       |
| 17        | 0.8932    | 10.0      | 1.0       | 5.0       | 1.0       | 1.0       |
| 18        | 0.9341    | 2.428     | 1.0       | 3.465     | 3.0       | 1.0       |
| 19        | 0.92      | 4.513     | 1.0       | 5.0       | 1.0       | 1.0       |
| 20        | 0.9138    | 3.22      | 0.7       | 1.0       | 3.0       | 1.0       |
| 21        | 0.9412    | 0.9521    | 0.7002    | 4.271     | 1.056     | 1.0       |
| 22        | 0.9402    | 1.158     | 0.9929    | 4.979     | 1.602     | 1.0       |
| 23        | 0.9238    | 0.01      | 1.0       | 5.0       | 1.0       | 1.0       |
| 24        | 0.9379    | 0.6461    | 0.7       | 3.651     | 2.271     | 1.0       |
| 25        | 0.9302    | 2.595     | 0.7       | 4.188     | 1.597     | 1.0       |
| 26        | 0.9099    | 0.01      | 1.0       | 2.321     | 3.0       | 1.0       |
| 27        | 0.9342    | 3.88      | 0.7       | 5.0       | 3.0       | 1.0       |
| 28        | 0.9422    | 0.6419    | 0.7       | 4.513     | 1.805     | 1.0       |
| 29        | 0.9343    | 1.766     | 1.0       | 1.0       | 1.0       | 1.0       |
| 30        | 0.9272    | 2.897     | 1.0       | 2.159     | 1.0       | 1.0       |
| 31        | 0.9408    | 1.785     | 1.0       | 5.0       | 3.0       | 1.0       |
| 32        | 0.8885    | 10.0      | 1.0       | 1.0       | 1.0       | 1.0       |
| 33        | 0.9192    | 7.539     | 1.0       | 5.0       | 3.0       | 1.0       |
| 34        | 0.9385    | 0.2177    | 1.0       | 1.0       | 1.0       | 1.0       |
| 35        | 0.9259    | 4.757     | 1.0       | 3.488     | 3.0       | 1.0       |
| 36        | 0.9409    | 1.477     | 0.977     | 4.199     | 2.994     | 1.0       |
| 37        | 0.9079    | 6.698     | 0.7       | 5.0       | 1.0       | 1.0       |
| 38        | 0.9384    | 1.126     | 0.7042    | 1.025     | 1.582     | 1.0       |
| 39        | 0.9386    | 1.278     | 1.0       | 2.002     | 1.0       | 1.0       |
| 40        | 0.9402    | 1.162     | 0.7282    | 4.963     | 1.057     | 1.0       |
| 41        | 0.9406    | 1.014     | 1.0       | 3.84      | 1.724     | 1.0       |
| 42        | 0.9385    | 2.218     | 0.7       | 4.385     | 3.0       | 1.0       |
| 43        | 0.9406    | 2.121     | 1.0       | 5.0       | 2.109     | 1.0       |
| 44        | 0.9351    | 1.65      | 1.0       | 1.908     | 1.897     | 1.0       |
| 45        | 0.9417    | 0.3261    | 0.7082    | 4.045     | 1.384     | 1.0       |
| 46        | 0.9391    | 0.9873    | 0.7062    | 1.181     | 1.006     | 1.0       |
| 47        | 0.9371    | 1.596     | 1.0       | 3.107     | 1.0       | 1.0       |
| 48        | 0.9357    | 3.111     | 1.0       | 4.475     | 3.0       | 1.0       |
| 49        | 0.9403    | 1.854     | 1.0       | 4.172     | 2.466     | 1.0       |
| 50        | 0.9218    | 0.01      | 0.7       | 1.0       | 1.841     | 1.0       |
| 51        | 0.9423    | 0.5325    | 0.7166    | 4.49      | 1.206     | 1.0       |
| 52        | 0.941     | 1.335     | 0.7211    | 4.977     | 2.485     | 1.0       |
| 53        | 0.9408    | 0.9632    | 1.0       | 4.351     | 2.357     | 1.0       |
| 54        | 0.9359    | 1.466     | 0.7       | 3.345     | 3.0       | 1.0       |
| 55        | 0.9418    | 0.6577    | 1.0       | 3.781     | 1.0       | 1.0       |
| 56        | 0.9422    | 0.5464    | 0.9781    | 4.013     | 1.678     | 1.0       |
| 57        | 0.9278    | 3.3       | 1.0       | 5.0       | 1.986     | 1.0       |
| 58        | 0.9422    | 0.6097    | 0.713     | 4.999     | 1.427     | 1.0       |
| 59        | 0.9395    | 0.8865    | 1.0       | 1.0       | 1.0       | 1.0       |
| 60        | 0.9068    | 10.0      | 0.7       | 3.315     | 3.0       | 1.0       |
=====================================================================================
Best parameters for label obscene: {'alpha': 0.45187360114562564, 'max_df': 0.7, 'min_df': 5, 'ngram_range': (1, 1)}
Optimizing for label: threat
|   iter    |  target   |   alpha   |  max_df   |  min_df   | ngram_... | ngram_... |
-------------------------------------------------------------------------------------
| 1         | 0.8269    | 3.752     | 0.9852    | 3.928     | 2.197     | 1.0       |
| 2         | 0.8788    | 1.568     | 0.7174    | 4.465     | 2.202     | 1.0       |
| 3         | 0.927     | 0.2156    | 0.991     | 4.33      | 1.425     | 1.0       |
| 4         | 0.8448    | 1.842     | 0.7913    | 3.099     | 1.864     | 1.0       |
| 5         | 0.7657    | 6.122     | 0.7418    | 2.169     | 1.733     | 1.0       |
| 6         | 0.7806    | 7.854     | 0.7599    | 3.057     | 2.185     | 1.0       |
| 7         | 0.7949    | 6.079     | 0.7512    | 1.26      | 2.898     | 1.0       |
| 8         | 0.7757    | 8.086     | 0.7914    | 1.391     | 2.368     | 1.0       |
| 9         | 0.8879    | 1.229     | 0.8486    | 1.138     | 2.819     | 1.0       |
| 10        | 0.7915    | 6.629     | 0.7935    | 3.08      | 2.093     | 1.0       |
| 11        | 0.9147    | 0.01998   | 0.9413    | 4.557     | 2.939     | 1.0       |
| 12        | 0.9054    | 0.01      | 1.0       | 1.0       | 1.0       | 1.0       |
| 13        | 0.9069    | 0.01      | 0.7       | 5.0       | 1.0       | 1.0       |
| 14        | 0.8984    | 0.01      | 1.0       | 2.308     | 3.0       | 1.0       |
| 15        | 0.9261    | 0.06472   | 0.726     | 3.279     | 1.131     | 1.0       |
| 16        | 0.9216    | 0.03955   | 0.7172    | 4.15      | 2.019     | 1.0       |
| 17        | 0.906     | 0.01      | 1.0       | 3.765     | 1.0       | 1.0       |
| 18        | 0.7438    | 10.0      | 1.0       | 5.0       | 1.0       | 1.0       |
| 19        | 0.9056    | 0.01      | 1.0       | 2.243     | 1.556     | 1.0       |
| 20        | 0.8497    | 1.703     | 0.7       | 1.0       | 1.0       | 1.0       |
| 21        | 0.8893    | 0.01      | 0.7       | 1.0       | 3.0       | 1.0       |
| 22        | 0.8686    | 1.361     | 1.0       | 5.0       | 1.0       | 1.0       |
| 23        | 0.9318    | 0.2765    | 0.988     | 4.968     | 2.052     | 1.0       |
| 24        | 0.8032    | 5.632     | 0.7       | 5.0       | 3.0       | 1.0       |
| 25        | 0.8318    | 3.17      | 1.0       | 1.0       | 3.0       | 1.0       |
| 26        | 0.9056    | 0.01      | 0.7       | 2.283     | 1.0       | 1.0       |
| 27        | 0.9094    | 0.8872    | 1.0       | 5.0       | 3.0       | 1.0       |
| 28        | 0.9292    | 0.3206    | 0.7057    | 3.149     | 2.076     | 1.0       |
| 29        | 0.9061    | 0.5578    | 0.7       | 3.611     | 1.478     | 1.0       |
| 30        | 0.9125    | 0.7482    | 1.0       | 3.515     | 3.0       | 1.0       |
| 31        | 0.9276    | 0.0912    | 0.9695    | 3.307     | 2.005     | 1.0       |
| 32        | 0.7393    | 10.0      | 1.0       | 1.0       | 1.0       | 1.0       |
| 33        | 0.9261    | 0.0691    | 0.7028    | 2.736     | 1.911     | 1.0       |
| 34        | 0.9062    | 0.01      | 0.7       | 3.347     | 3.0       | 1.0       |
| 35        | 0.9069    | 0.01      | 1.0       | 5.0       | 1.674     | 1.0       |
| 36        | 0.9214    | 0.5997    | 1.0       | 4.458     | 2.268     | 1.0       |
| 37        | 0.8899    | 1.152     | 0.7       | 2.482     | 3.0       | 1.0       |
| 38        | 0.9055    | 0.6378    | 0.7       | 5.0       | 1.956     | 1.0       |
| 39        | 0.85      | 2.665     | 1.0       | 5.0       | 3.0       | 1.0       |
| 40        | 0.9054    | 0.01      | 0.7       | 1.0       | 1.863     | 1.0       |
| 41        | 0.786     | 4.922     | 1.0       | 5.0       | 1.0       | 1.0       |
| 42        | 0.9326    | 0.1917    | 0.71      | 4.924     | 2.561     | 1.0       |
| 43        | 0.9087    | 0.01      | 1.0       | 5.0       | 2.609     | 1.0       |
| 44        | 0.9192    | 0.6554    | 0.7       | 4.327     | 3.0       | 1.0       |
| 45        | 0.7931    | 3.988     | 1.0       | 1.0       | 1.0       | 1.0       |
| 46        | 0.9147    | 0.02068   | 0.7024    | 3.275     | 1.672     | 1.0       |
| 47        | 0.8986    | 0.6748    | 1.0       | 2.793     | 1.0       | 1.0       |
| 48        | 0.7814    | 8.282     | 1.0       | 5.0       | 3.0       | 1.0       |
| 49        | 0.9178    | 0.5545    | 1.0       | 2.66      | 2.293     | 1.0       |
| 50        | 0.919     | 0.4436    | 0.7       | 1.816     | 2.235     | 1.0       |
| 51        | 0.8978    | 0.6841    | 0.9322    | 1.015     | 1.751     | 1.0       |
| 52        | 0.9306    | 0.2488    | 1.0       | 3.685     | 2.493     | 1.0       |
| 53        | 0.9302    | 0.1001    | 0.9441    | 4.516     | 2.146     | 1.0       |
| 54        | 0.9197    | 0.06607   | 0.7189    | 2.811     | 2.375     | 1.0       |
| 55        | 0.9162    | 0.401     | 0.7       | 4.377     | 1.0       | 1.0       |
| 56        | 0.9058    | 0.5527    | 0.7       | 2.446     | 1.717     | 1.0       |
| 57        | 0.9298    | 0.3832    | 0.7       | 5.0       | 3.0       | 1.0       |
| 58        | 0.9197    | 0.6049    | 0.994     | 3.587     | 2.215     | 1.0       |
| 59        | 0.8986    | 0.01      | 1.0       | 1.551     | 2.353     | 1.0       |
| 60        | 0.9318    | 0.2742    | 0.7       | 4.496     | 2.571     | 1.0       |
=====================================================================================
Best parameters for label threat: {'alpha': 0.19167368926195816, 'max_df': 0.7100206098404588, 'min_df': 4, 'ngram_range': (1, 2)}
Optimizing for label: insult
|   iter    |  target   |   alpha   |  max_df   |  min_df   | ngram_... | ngram_... |
-------------------------------------------------------------------------------------
| 1         | 0.9217    | 3.752     | 0.9852    | 3.928     | 2.197     | 1.0       |
| 2         | 0.9329    | 1.568     | 0.7174    | 4.465     | 2.202     | 1.0       |
| 3         | 0.9348    | 0.2156    | 0.991     | 4.33      | 1.425     | 1.0       |
| 4         | 0.9278    | 1.842     | 0.7913    | 3.099     | 1.864     | 1.0       |
| 5         | 0.8945    | 6.122     | 0.7418    | 2.169     | 1.733     | 1.0       |
| 6         | 0.9022    | 7.854     | 0.7599    | 3.057     | 2.185     | 1.0       |
| 7         | 0.9031    | 6.079     | 0.7512    | 1.26      | 2.898     | 1.0       |
| 8         | 0.8951    | 8.086     | 0.7914    | 1.391     | 2.368     | 1.0       |
| 9         | 0.9213    | 1.229     | 0.8486    | 1.138     | 2.819     | 1.0       |
| 10        | 0.9077    | 6.629     | 0.7935    | 3.08      | 2.093     | 1.0       |
| 11        | 0.9158    | 0.01      | 1.0       | 5.0       | 3.0       | 1.0       |
| 12        | 0.9304    | 1.8       | 1.0       | 5.0       | 1.0       | 1.0       |
| 13        | 0.9163    | 0.01      | 0.7       | 2.416     | 1.0       | 1.0       |
| 14        | 0.9174    | 0.01      | 0.7       | 5.0       | 1.0       | 1.0       |
| 15        | 0.9331    | 1.157     | 1.0       | 3.876     | 1.0       | 1.0       |
| 16        | 0.9302    | 0.4146    | 0.9731    | 3.524     | 2.444     | 1.0       |
| 17        | 0.9134    | 5.672     | 0.9578    | 4.98      | 2.922     | 1.0       |
| 18        | 0.9173    | 3.466     | 0.7       | 5.0       | 1.0       | 1.0       |
| 19        | 0.931     | 2.642     | 1.0       | 5.0       | 3.0       | 1.0       |
| 20        | 0.8784    | 10.0      | 1.0       | 5.0       | 1.0       | 1.0       |
| 21        | 0.9033    | 3.2       | 1.0       | 1.0       | 3.0       | 1.0       |
| 22        | 0.9258    | 2.122     | 1.0       | 3.683     | 3.0       | 1.0       |
| 23        | 0.9351    | 0.8924    | 0.9431    | 4.022     | 1.654     | 1.0       |
| 24        | 0.9244    | 2.279     | 1.0       | 4.366     | 1.791     | 1.0       |
| 25        | 0.9261    | 1.877     | 0.7       | 1.0       | 1.0       | 1.0       |
| 26        | 0.8923    | 0.01      | 0.7       | 1.974     | 3.0       | 1.0       |
| 27        | 0.9193    | 2.782     | 1.0       | 2.348     | 1.0       | 1.0       |
| 28        | 0.9252    | 3.816     | 0.7       | 5.0       | 3.0       | 1.0       |
| 29        | 0.9352    | 1.51      | 1.0       | 5.0       | 3.0       | 1.0       |
| 30        | 0.9167    | 0.01      | 1.0       | 3.685     | 1.0       | 1.0       |
| 31        | 0.936     | 0.9227    | 1.0       | 5.0       | 1.882     | 1.0       |
| 32        | 0.9337    | 0.7128    | 0.9648    | 1.011     | 1.056     | 1.0       |
| 33        | 0.9314    | 1.313     | 0.988     | 2.064     | 1.185     | 1.0       |
| 34        | 0.8997    | 6.001     | 0.7       | 5.0       | 1.0       | 1.0       |
| 35        | 0.8733    | 10.0      | 1.0       | 1.0       | 1.0       | 1.0       |
| 36        | 0.9338    | 0.8176    | 1.0       | 4.347     | 2.45      | 1.0       |
| 37        | 0.9308    | 1.247     | 1.0       | 1.0       | 1.738     | 1.0       |
| 38        | 0.9363    | 0.3947    | 0.7       | 4.376     | 1.935     | 1.0       |
| 39        | 0.9349    | 0.9204    | 0.9267    | 4.632     | 1.278     | 1.0       |
| 40        | 0.9146    | 4.639     | 0.7       | 3.451     | 3.0       | 1.0       |
| 41        | 0.9339    | 1.935     | 0.7       | 5.0       | 3.0       | 1.0       |
| 42        | 0.9346    | 1.69      | 1.0       | 5.0       | 2.341     | 1.0       |
| 43        | 0.9282    | 0.1849    | 0.9627    | 4.189     | 2.088     | 1.0       |
| 44        | 0.9284    | 1.062     | 0.7       | 3.694     | 3.0       | 1.0       |
| 45        | 0.9359    | 1.069     | 0.7       | 5.0       | 2.497     | 1.0       |
| 46        | 0.9056    | 7.802     | 1.0       | 5.0       | 3.0       | 1.0       |
| 47        | 0.9153    | 0.01      | 1.0       | 1.0       | 1.0       | 1.0       |
| 48        | 0.9293    | 1.656     | 0.7944    | 3.16      | 1.002     | 1.0       |
| 49        | 0.9346    | 0.9196    | 0.7       | 3.039     | 1.898     | 1.0       |
| 50        | 0.932     | 1.059     | 0.7       | 1.0       | 1.0       | 1.0       |
| 51        | 0.928     | 1.248     | 1.0       | 2.653     | 2.367     | 1.0       |
| 52        | 0.9363    | 0.6033    | 0.7       | 4.244     | 1.413     | 1.0       |
| 53        | 0.9314    | 1.153     | 1.0       | 1.323     | 1.0       | 1.0       |
| 54        | 0.9354    | 0.8345    | 0.7       | 4.64      | 1.858     | 1.0       |
| 55        | 0.9094    | 3.923     | 1.0       | 1.0       | 1.0       | 1.0       |
| 56        | 0.9321    | 0.8242    | 0.7819    | 3.675     | 2.211     | 1.0       |
| 57        | 0.9335    | 1.001     | 1.0       | 2.912     | 1.438     | 1.0       |
| 58        | 0.9335    | 1.011     | 0.7       | 2.115     | 1.669     | 1.0       |
| 59        | 0.9255    | 3.074     | 0.7       | 4.164     | 3.0       | 1.0       |
| 60        | 0.9328    | 1.626     | 0.8513    | 4.46      | 2.909     | 1.0       |
=====================================================================================
Best parameters for label insult: {'alpha': 0.39470274844235514, 'max_df': 0.7, 'min_df': 4, 'ngram_range': (1, 1)}
Optimizing for label: identity_hate
|   iter    |  target   |   alpha   |  max_df   |  min_df   | ngram_... | ngram_... |
-------------------------------------------------------------------------------------
| 1         | 0.8715    | 3.752     | 0.9852    | 3.928     | 2.197     | 1.0       |
| 2         | 0.9085    | 1.568     | 0.7174    | 4.465     | 2.202     | 1.0       |
| 3         | 0.9233    | 0.2156    | 0.991     | 4.33      | 1.425     | 1.0       |
| 4         | 0.8853    | 1.842     | 0.7913    | 3.099     | 1.864     | 1.0       |
| 5         | 0.8224    | 6.122     | 0.7418    | 2.169     | 1.733     | 1.0       |
| 6         | 0.8292    | 7.854     | 0.7599    | 3.057     | 2.185     | 1.0       |
| 7         | 0.8407    | 6.079     | 0.7512    | 1.26      | 2.898     | 1.0       |
| 8         | 0.8259    | 8.086     | 0.7914    | 1.391     | 2.368     | 1.0       |
| 9         | 0.9022    | 1.229     | 0.8486    | 1.138     | 2.819     | 1.0       |
| 10        | 0.8386    | 6.629     | 0.7935    | 3.08      | 2.093     | 1.0       |
| 11        | 0.8888    | 0.01      | 1.0       | 5.0       | 3.0       | 1.0       |
| 12        | 0.8877    | 0.01      | 1.0       | 1.0       | 1.0       | 1.0       |
| 13        | 0.9102    | 1.086     | 0.7       | 5.0       | 1.0       | 1.0       |
| 14        | 0.9091    | 0.1087    | 0.7588    | 2.626     | 2.991     | 1.0       |
| 15        | 0.9119    | 0.06472   | 0.726     | 3.279     | 1.131     | 1.0       |
| 16        | 0.8674    | 0.01      | 0.7       | 1.0       | 3.0       | 1.0       |
| 17        | 0.8776    | 2.812     | 0.8364    | 1.034     | 2.979     | 1.0       |
| 18        | 0.8029    | 10.0      | 1.0       | 5.0       | 1.0       | 1.0       |
| 19        | 0.8901    | 0.01      | 1.0       | 5.0       | 1.0       | 1.0       |
| 20        | 0.8874    | 0.01      | 1.0       | 3.628     | 2.246     | 1.0       |
| 21        | 0.9076    | 1.023     | 0.8764    | 3.951     | 1.041     | 1.0       |
| 22        | 0.8807    | 1.986     | 0.8581    | 1.04      | 1.023     | 1.0       |
| 23        | 0.8729    | 2.686     | 1.0       | 5.0       | 1.0       | 1.0       |
| 24        | 0.9097    | 1.296     | 0.9201    | 2.705     | 2.958     | 1.0       |
| 25        | 0.8935    | 2.328     | 1.0       | 5.0       | 3.0       | 1.0       |
| 26        | 0.9186    | 0.7425    | 0.7       | 5.0       | 1.945     | 1.0       |
| 27        | 0.8492    | 5.537     | 0.7833    | 4.958     | 2.894     | 1.0       |
| 28        | 0.9184    | 0.7074    | 0.7996    | 2.172     | 2.042     | 1.0       |
| 29        | 0.9174    | 0.6642    | 0.7       | 2.193     | 1.0       | 1.0       |
| 30        | 0.9128    | 0.8631    | 1.0       | 4.574     | 1.656     | 1.0       |
| 31        | 0.7972    | 10.0      | 1.0       | 1.0       | 1.0       | 1.0       |
| 32        | 0.9231    | 0.3942    | 0.7       | 4.283     | 1.433     | 1.0       |
| 33        | 0.9137    | 1.193     | 0.7       | 5.0       | 3.0       | 1.0       |
| 34        | 0.9108    | 0.9545    | 0.7       | 2.043     | 3.0       | 1.0       |
| 35        | 0.8889    | 0.01      | 1.0       | 2.282     | 1.0       | 1.0       |
| 36        | 0.9045    | 1.066     | 0.7175    | 1.561     | 1.484     | 1.0       |
| 37        | 0.9119    | 1.186     | 0.7       | 3.896     | 3.0       | 1.0       |
| 38        | 0.9141    | 0.8016    | 0.7       | 2.812     | 1.491     | 1.0       |
| 39        | 0.89      | 0.01      | 0.7       | 4.056     | 1.0       | 1.0       |
| 40        | 0.8436    | 4.026     | 1.0       | 1.0       | 1.0       | 1.0       |
| 41        | 0.8898    | 2.474     | 0.7       | 3.478     | 3.0       | 1.0       |
| 42        | 0.8299    | 5.897     | 1.0       | 5.0       | 1.0       | 1.0       |
| 43        | 0.9155    | 0.08301   | 0.7732    | 4.86      | 1.801     | 1.0       |
| 44        | 0.8992    | 1.323     | 0.7527    | 2.372     | 1.019     | 1.0       |
