| 45        | 0.8275    | 8.174     | 1.0       | 5.0       | 3.0       | 1.0       |
| 46        | 0.8972    | 0.03772   | 0.7226    | 2.419     | 2.108     | 1.0       |
| 47        | 0.9197    | 0.5621    | 0.9711    | 3.826     | 1.462     | 1.0       |
| 48        | 0.9176    | 0.7731    | 0.7025    | 2.864     | 2.442     | 1.0       |
| 49        | 0.9229    | 0.6909    | 0.7028    | 4.145     | 2.031     | 1.0       |
| 50        | 0.9       | 1.376     | 1.0       | 1.934     | 2.378     | 1.0       |
| 51        | 0.9235    | 0.3645    | 0.7       | 4.432     | 1.904     | 1.0       |
| 52        | 0.9191    | 0.5885    | 0.7       | 3.073     | 1.0       | 1.0       |
| 53        | 0.8726    | 3.635     | 0.7       | 5.0       | 3.0       | 1.0       |
| 54        | 0.9146    | 0.6393    | 1.0       | 2.529     | 3.0       | 1.0       |
| 55        | 0.9231    | 0.5995    | 0.7009    | 3.014     | 2.991     | 1.0       |
| 56        | 0.9231    | 0.397     | 0.9486    | 4.403     | 1.722     | 1.0       |
| 57        | 0.922     | 0.4444    | 0.7       | 3.906     | 1.679     | 1.0       |
| 58        | 0.9197    | 0.9245    | 0.7215    | 4.586     | 2.428     | 1.0       |
| 59        | 0.9167    | 0.7081    | 0.7       | 4.337     | 1.661     | 1.0       |
| 60        | 0.8643    | 4.016     | 0.7       | 2.627     | 3.0       | 1.0       |
=====================================================================================
Best parameters for label identity_hate: {'alpha': 0.36450987810825203, 'max_df': 0.7, 'min_df': 4, 'ngram_range': (1, 1)}

##########################################################################################################################