| 57        | 0.9464    | 0.287     | 0.7       | 3.579     | 2.502     | 1.0       |
| 58        | 0.9509    | 0.1499    | 0.7029    | 3.993     | 2.89      | 1.0       |
| 59        | 0.9447    | 0.3368    | 0.7       | 4.129     | 2.735     | 1.0       |
| 60        | 0.9509    | 0.1431    | 0.7       | 3.698     | 2.807     | 1.0       |
=====================================================================================
Best parameters for label threat: {'alpha': 0.14313711598103757, 'max_df': 0.7, 'min_df': 3, 'ngram_range': (1, 2)}
Optimizing for label: insult
|   iter    |  target   |   alpha   |  max_df   |  min_df   | ngram_... | ngram_... |
-------------------------------------------------------------------------------------
| 1         | 0.9406    | 3.752     | 0.9852    | 3.928     | 2.197     | 1.0       |
| 2         | 0.9533    | 1.568     | 0.7174    | 4.465     | 2.202     | 1.0       |
| 3         | 0.9533    | 0.2156    | 0.991     | 4.33      | 1.425     | 1.0       |
| 4         | 0.9372    | 1.842     | 0.7913    | 3.099     | 1.864     | 1.0       |
| 5         | 0.8863    | 6.122     | 0.7418    | 2.169     | 1.733     | 1.0       |
| 6         | 0.9081    | 7.854     | 0.7599    | 3.057     | 2.185     | 1.0       |
| 7         | 0.9214    | 6.079     | 0.7512    | 1.26      | 2.898     | 1.0       |
| 8         | 0.9065    | 8.086     | 0.7914    | 1.391     | 2.368     | 1.0       |
| 9         | 0.9544    | 1.229     | 0.8486    | 1.138     | 2.819     | 1.0       |
| 10        | 0.9172    | 6.629     | 0.7935    | 3.08      | 2.093     | 1.0       |
| 11        | 0.9512    | 0.1897    | 0.8948    | 3.64      | 3.0       | 1.0       |
| 12        | 0.9339    | 0.01      | 1.0       | 1.63      | 1.785     | 1.0       |
| 13        | 0.9316    | 0.01      | 0.7       | 5.0       | 2.772     | 1.0       |
| 14        | 0.9423    | 1.644     | 1.0       | 5.0       | 1.0       | 1.0       |
| 15        | 0.95      | 2.667     | 1.0       | 1.0       | 3.0       | 1.0       |
| 16        | 0.949     | 2.518     | 0.9743    | 4.983     | 2.888     | 1.0       |
| 17        | 0.9283    | 5.492     | 1.0       | 5.0       | 3.0       | 1.0       |
| 18        | 0.9552    | 1.185     | 1.0       | 2.464     | 3.0       | 1.0       |
| 19        | 0.863     | 10.0      | 1.0       | 5.0       | 1.0       | 1.0       |
| 20        | 0.9501    | 2.658     | 0.7       | 3.344     | 3.0       | 1.0       |
| 21        | 0.9353    | 0.01669   | 0.7427    | 1.262     | 2.965     | 1.0       |
| 22        | 0.9385    | 1.745     | 0.7593    | 1.004     | 1.0       | 1.0       |
| 23        | 0.9341    | 0.01      | 0.7       | 3.333     | 1.0       | 1.0       |
| 24        | 0.9549    | 1.419     | 1.0       | 3.889     | 3.0       | 1.0       |
| 25        | 0.9103    | 4.259     | 0.7       | 5.0       | 1.0       | 1.0       |
| 26        | 0.9412    | 3.939     | 1.0       | 2.547     | 3.0       | 1.0       |
| 27        | 0.9532    | 2.012     | 0.7       | 1.812     | 3.0       | 1.0       |
| 28        | 0.9344    | 0.01      | 0.7       | 5.0       | 1.0       | 1.0       |
| 29        | 0.9546    | 0.7161    | 1.0       | 3.889     | 2.147     | 1.0       |
| 30        | 0.8958    | 10.0      | 1.0       | 1.0       | 3.0       | 1.0       |
| 31        | 0.9523    | 1.882     | 1.0       | 1.0       | 2.286     | 1.0       |
| 32        | 0.9433    | 3.66      | 0.7       | 4.289     | 3.0       | 1.0       |
| 33        | 0.9542    | 1.231     | 1.0       | 5.0       | 2.168     | 1.0       |
| 34        | 0.9541    | 1.732     | 1.0       | 1.0       | 3.0       | 1.0       |
| 35        | 0.9509    | 2.156     | 1.0       | 4.297     | 2.403     | 1.0       |
| 36        | 0.9489    | 0.9612    | 1.0       | 4.438     | 1.619     | 1.0       |
| 37        | 0.954     | 1.34      | 0.9881    | 4.868     | 2.946     | 1.0       |
| 38        | 0.9319    | 0.01      | 1.0       | 3.763     | 2.074     | 1.0       |
| 39        | 0.9148    | 3.507     | 1.0       | 1.0       | 1.0       | 1.0       |
| 40        | 0.9553    | 0.8922    | 0.7       | 3.25      | 3.0       | 1.0       |
| 41        | 0.9134    | 7.361     | 0.7       | 5.0       | 3.0       | 1.0       |
| 42        | 0.9399    | 4.088     | 0.7       | 1.0       | 3.0       | 1.0       |
| 43        | 0.9498    | 2.703     | 1.0       | 2.319     | 3.0       | 1.0       |
| 44        | 0.9339    | 0.01      | 0.7       | 1.0       | 1.0       | 1.0       |
| 45        | 0.9546    | 0.7553    | 0.9807    | 4.281     | 2.853     | 1.0       |
| 46        | 0.954     | 1.396     | 0.9205    | 1.826     | 2.27      | 1.0       |
| 47        | 0.933     | 2.364     | 0.7       | 5.0       | 1.978     | 1.0       |
| 48        | 0.9546    | 1.059     | 0.7481    | 1.021     | 2.062     | 1.0       |
| 49        | 0.9532    | 2.016     | 0.7       | 4.386     | 3.0       | 1.0       |
| 50        | 0.9537    | 0.3965    | 1.0       | 2.671     | 3.0       | 1.0       |
| 51        | 0.9327    | 4.989     | 1.0       | 3.575     | 3.0       | 1.0       |
| 52        | 0.9489    | 2.867     | 1.0       | 3.991     | 3.0       | 1.0       |
| 53        | 0.9542    | 1.252     | 1.0       | 4.254     | 2.474     | 1.0       |
| 54        | 0.9551    | 0.7611    | 1.0       | 3.468     | 3.0       | 1.0       |
| 55        | 0.9526    | 0.5946    | 1.0       | 4.031     | 1.0       | 1.0       |
| 56        | 0.9552    | 0.9069    | 0.7       | 2.003     | 3.0       | 1.0       |
| 57        | 0.9552    | 0.9274    | 0.7       | 4.006     | 3.0       | 1.0       |
| 58        | 0.9549    | 1.411     | 1.0       | 1.707     | 3.0       | 1.0       |
| 59        | 0.9534    | 1.573     | 0.7       | 1.293     | 2.463     | 1.0       |
| 60        | 0.9546    | 0.8662    | 0.7       | 2.532     | 2.436     | 1.0       |
=====================================================================================
Best parameters for label insult: {'alpha': 0.8921676778066149, 'max_df': 0.7, 'min_df': 3, 'ngram_range': (1, 3)}
Optimizing for label: identity_hate
|   iter    |  target   |   alpha   |  max_df   |  min_df   | ngram_... | ngram_... |
-------------------------------------------------------------------------------------
| 1         | 0.867     | 3.752     | 0.9852    | 3.928     | 2.197     | 1.0       |
| 2         | 0.9163    | 1.568     | 0.7174    | 4.465     | 2.202     | 1.0       |
| 3         | 0.9454    | 0.2156    | 0.991     | 4.33      | 1.425     | 1.0       |
| 4         | 0.8803    | 1.842     | 0.7913    | 3.099     | 1.864     | 1.0       |
| 5         | 0.8131    | 6.122     | 0.7418    | 2.169     | 1.733     | 1.0       |
| 6         | 0.8244    | 7.854     | 0.7599    | 3.057     | 2.185     | 1.0       |
| 7         | 0.839     | 6.079     | 0.7512    | 1.26      | 2.898     | 1.0       |
| 8         | 0.8231    | 8.086     | 0.7914    | 1.391     | 2.368     | 1.0       |
| 9         | 0.9267    | 1.229     | 0.8486    | 1.138     | 2.819     | 1.0       |
| 10        | 0.8337    | 6.629     | 0.7935    | 3.08      | 2.093     | 1.0       |
| 11        | 0.9242    | 0.01998   | 0.9413    | 4.557     | 2.939     | 1.0       |
| 12        | 0.9116    | 0.01      | 1.0       | 1.0       | 1.0       | 1.0       |
| 13        | 0.9118    | 0.01      | 0.7       | 5.0       | 1.0       | 1.0       |
| 14        | 0.919     | 0.01341   | 0.9156    | 2.677     | 2.653     | 1.0       |
| 15        | 0.9394    | 0.06472   | 0.726     | 3.279     | 1.131     | 1.0       |
| 16        | 0.7946    | 10.0      | 1.0       | 5.0       | 1.0       | 1.0       |
| 17        | 0.9224    | 0.01733   | 0.942     | 1.112     | 2.756     | 1.0       |
| 18        | 0.9114    | 0.01      | 1.0       | 3.805     | 1.858     | 1.0       |
| 19        | 0.9023    | 1.225     | 1.0       | 4.469     | 1.0       | 1.0       |
| 20        | 0.8752    | 2.013     | 0.7       | 1.0       | 1.0       | 1.0       |
| 21        | 0.8817    | 2.988     | 1.0       | 1.0       | 3.0       | 1.0       |
| 22        | 0.9338    | 1.064     | 0.7       | 5.0       | 3.0       | 1.0       |
| 23        | 0.9114    | 0.01      | 0.7       | 2.221     | 1.0       | 1.0       |
| 24        | 0.9464    | 0.5479    | 1.0       | 5.0       | 2.103     | 1.0       |
| 25        | 0.8437    | 5.637     | 0.7       | 5.0       | 3.0       | 1.0       |
| 26        | 0.9358    | 0.9984    | 0.7       | 2.265     | 3.0       | 1.0       |
| 27        | 0.8938    | 2.465     | 1.0       | 5.0       | 3.0       | 1.0       |
| 28        | 0.9353    | 1.011     | 0.7       | 3.701     | 3.0       | 1.0       |
| 29        | 0.7903    | 10.0      | 1.0       | 1.0       | 1.0       | 1.0       |
| 30        | 0.9409    | 0.3673    | 0.7       | 3.919     | 1.0       | 1.0       |
| 31        | 0.9114    | 0.01      | 1.0       | 3.878     | 1.0       | 1.0       |
| 32        | 0.9334    | 0.5477    | 0.7       | 4.465     | 1.827     | 1.0       |
| 33        | 0.9228    | 0.7868    | 0.7       | 3.05      | 1.0       | 1.0       |
| 34        | 0.8309    | 4.81      | 1.0       | 5.0       | 1.0       | 1.0       |
| 35        | 0.9458    | 0.5689    | 0.7605    | 1.751     | 2.18      | 1.0       |
| 36        | 0.9255    | 0.7216    | 0.985     | 1.031     | 1.774     | 1.0       |
| 37        | 0.9067    | 1.974     | 1.0       | 3.496     | 3.0       | 1.0       |
| 38        | 0.9331    | 0.5565    | 0.7       | 2.675     | 1.958     | 1.0       |
| 39        | 0.9307    | 0.03466   | 0.933     | 4.905     | 1.919     | 1.0       |
| 40        | 0.936     | 0.9915    | 1.0       | 4.417     | 3.0       | 1.0       |
| 41        | 0.9483    | 0.4517    | 0.714     | 1.765     | 2.948     | 1.0       |
| 42        | 0.9428    | 0.6846    | 1.0       | 1.829     | 2.681     | 1.0       |
| 43        | 0.9336    | 0.6188    | 1.0       | 5.0       | 1.49      | 1.0       |
| 44        | 0.9152    | 0.01      | 0.7       | 1.836     | 2.265     | 1.0       |
| 45        | 0.8334    | 4.171     | 1.0       | 1.0       | 1.0       | 1.0       |
| 46        | 0.9079    | 1.094     | 0.7197    | 1.783     | 1.841     | 1.0       |
| 47        | 0.8222    | 8.29      | 1.0       | 5.0       | 3.0       | 1.0       |
| 48        | 0.9428    | 0.6856    | 0.7182    | 1.014     | 2.545     | 1.0       |
| 49        | 0.9449    | 0.6893    | 1.0       | 3.064     | 3.0       | 1.0       |
| 50        | 0.9502    | 0.4778    | 1.0       | 5.0       | 3.0       | 1.0       |
| 51        | 0.9255    | 0.7269    | 1.0       | 3.855     | 1.56      | 1.0       |
| 52        | 0.9499    | 0.4905    | 0.7       | 2.802     | 3.0       | 1.0       |
| 53        | 0.9341    | 0.9945    | 1.0       | 5.0       | 2.545     | 1.0       |
| 54        | 0.9454    | 0.5884    | 0.7       | 2.234     | 2.619     | 1.0       |
| 55        | 0.9428    | 0.6852    | 0.709     | 1.454     | 2.92      | 1.0       |
| 56        | 0.9501    | 0.4797    | 1.0       | 2.361     | 3.0       | 1.0       |
| 57        | 0.9514    | 0.3935    | 0.7       | 2.289     | 3.0       | 1.0       |
| 58        | 0.9458    | 0.6542    | 1.0       | 1.0       | 3.0       | 1.0       |
| 59        | 0.9486    | 0.1697    | 0.7165    | 4.968     | 2.915     | 1.0       |
| 60        | 0.9454    | 0.5873    | 0.7114    | 4.874     | 2.939     | 1.0       |
=====================================================================================
Best parameters for label identity_hate: {'alpha': 0.3935245328516555, 'max_df': 0.7, 'min_df': 2, 'ngram_range': (1, 3)}

##########################################################################################################################




##########################################################################################################################

################################################# For normal BoW #########################################################

Optimizing for label: toxic
|   iter    |  target   |   alpha   |  max_df   |  min_df   | ngram_... | ngram_... |
-------------------------------------------------------------------------------------
| 1         | 0.9204    | 3.752     | 0.9852    | 3.928     | 2.197     | 1.0       |
| 2         | 0.9256    | 1.568     | 0.7174    | 4.465     | 2.202     | 1.0       |
| 3         | 0.9245    | 0.2156    | 0.991     | 4.33      | 1.425     | 1.0       |
| 4         | 0.9239    | 1.842     | 0.7913    | 3.099     | 1.864     | 1.0       |
| 5         | 0.9013    | 6.122     | 0.7418    | 2.169     | 1.733     | 1.0       |
| 6         | 0.9084    | 7.854     | 0.7599    | 3.057     | 2.185     | 1.0       |
| 7         | 0.9028    | 6.079     | 0.7512    | 1.26      | 2.898     | 1.0       |
| 8         | 0.8971    | 8.086     | 0.7914    | 1.391     | 2.368     | 1.0       |
| 9         | 0.9115    | 1.229     | 0.8486    | 1.138     | 2.819     | 1.0       |
| 10        | 0.9123    | 6.629     | 0.7935    | 3.08      | 2.093     | 1.0       |
| 11        | 0.9186    | 6.128     | 0.7       | 5.0       | 3.0       | 1.0       |
| 12        | 0.9235    | 2.295     | 1.0       | 5.0       | 1.0       | 1.0       |
| 13        | 0.9141    | 0.01      | 1.0       | 5.0       | 3.0       | 1.0       |
| 14        | 0.9103    | 0.01      | 0.7       | 2.573     | 1.0       | 1.0       |
| 15        | 0.9056    | 5.996     | 1.0       | 5.0       | 1.0       | 1.0       |
| 16        | 0.9276    | 0.915     | 0.7       | 5.0       | 1.0       | 1.0       |
| 17        | 0.9061    | 10.0      | 1.0       | 5.0       | 3.0       | 1.0       |
| 18        | 0.9257    | 1.47      | 1.0       | 4.047     | 1.0       | 1.0       |
| 19        | 0.9212    | 2.499     | 1.0       | 3.574     | 3.0       | 1.0       |
| 20        | 0.9261    | 3.329     | 0.7       | 5.0       | 3.0       | 1.0       |
| 21        | 0.9234    | 4.44      | 0.7       | 5.0       | 3.0       | 1.0       |
| 22        | 0.9265    | 1.158     | 0.9929    | 4.979     | 1.602     | 1.0       |
| 23        | 0.9264    | 2.54      | 1.0       | 5.0       | 2.343     | 1.0       |
| 24        | 0.926     | 0.3482    | 0.9262    | 4.991     | 1.07      | 1.0       |
| 25        | 0.9221    | 2.305     | 0.7       | 4.255     | 1.72      | 1.0       |
| 26        | 0.9282    | 2.062     | 1.0       | 5.0       | 3.0       | 1.0       |
| 27        | 0.9179    | 2.731     | 1.0       | 1.0       | 1.0       | 1.0       |
| 28        | 0.9203    | 2.528     | 1.0       | 2.7       | 1.0       | 1.0       |
| 29        | 0.9157    | 4.975     | 0.7       | 3.704     | 3.0       | 1.0       |
| 30        | 0.9243    | 2.819     | 0.9974    | 4.999     | 2.964     | 1.0       |
| 31        | 0.9285    | 1.566     | 0.7       | 5.0       | 3.0       | 1.0       |
| 32        | 0.9172    | 3.667     | 0.7       | 5.0       | 1.895     | 1.0       |
| 33        | 0.9271    | 1.998     | 0.7       | 5.0       | 2.549     | 1.0       |
| 34        | 0.9231    | 0.9751    | 0.9159    | 3.529     | 2.979     | 1.0       |
| 35        | 0.9255    | 1.528     | 1.0       | 4.512     | 3.0       | 1.0       |
| 36        | 0.8947    | 3.414     | 1.0       | 1.0       | 3.0       | 1.0       |
| 37        | 0.8878    | 10.0      | 0.7       | 5.0       | 1.0       | 1.0       |
| 38        | 0.9242    | 1.256     | 1.0       | 1.0       | 1.0       | 1.0       |
| 39        | 0.9227    | 1.684     | 0.7       | 1.857     | 1.0       | 1.0       |
| 40        | 0.9272    | 0.7308    | 0.7       | 4.295     | 1.0       | 1.0       |
| 41        | 0.9265    | 1.034     | 1.0       | 3.683     | 1.821     | 1.0       |
| 42        | 0.9137    | 7.665     | 0.7       | 5.0       | 3.0       | 1.0       |
| 43        | 0.9273    | 1.541     | 1.0       | 5.0       | 2.625     | 1.0       |
| 44        | 0.927     | 0.9398    | 1.0       | 4.664     | 1.0       | 1.0       |
| 45        | 0.9272    | 0.8156    | 0.7125    | 4.376     | 1.74      | 1.0       |
| 46        | 0.9225    | 3.6       | 0.7       | 4.321     | 3.0       | 1.0       |
| 47        | 0.9249    | 1.937     | 1.0       | 5.0       | 1.85      | 1.0       |
| 48        | 0.9282    | 2.054     | 0.7       | 5.0       | 3.0       | 1.0       |
| 49        | 0.9234    | 1.196     | 0.7       | 3.64      | 2.22      | 1.0       |
| 50        | 0.9028    | 0.01      | 1.0       | 2.47      | 3.0       | 1.0       |
| 51        | 0.9258    | 1.328     | 0.9923    | 3.213     | 1.104     | 1.0       |
| 52        | 0.8826    | 10.0      | 1.0       | 1.0       | 1.0       | 1.0       |
| 53        | 0.9269    | 0.9862    | 1.0       | 4.165     | 1.437     | 1.0       |
| 54        | 0.9271    | 0.6088    | 0.7356    | 4.997     | 1.7       | 1.0       |
| 55        | 0.9248    | 1.531     | 1.0       | 2.355     | 1.698     | 1.0       |
| 56        | 0.9271    | 0.8468    | 0.7357    | 4.618     | 1.353     | 1.0       |
| 57        | 0.9251    | 1.019     | 0.7194    | 4.978     | 2.511     | 1.0       |
| 58        | 0.9252    | 1.052     | 0.9998    | 4.32      | 2.104     | 1.0       |
| 59        | 0.9285    | 1.686     | 1.0       | 5.0       | 3.0       | 1.0       |
| 60        | 0.9268    | 0.6307    | 0.9992    | 3.717     | 1.171     | 1.0       |
=====================================================================================
Best parameters for label toxic: {'alpha': 1.5661036084959452, 'max_df': 0.7, 'min_df': 5, 'ngram_range': (1, 3)}
Optimizing for label: severe_toxic
|   iter    |  target   |   alpha   |  max_df   |  min_df   | ngram_... | ngram_... |
-------------------------------------------------------------------------------------
| 1         | 0.9413    | 3.752     | 0.9852    | 3.928     | 2.197     | 1.0       |
| 2         | 0.9502    | 1.568     | 0.7174    | 4.465     | 2.202     | 1.0       |
| 3         | 0.9523    | 0.2156    | 0.991     | 4.33      | 1.425     | 1.0       |
| 4         | 0.9433    | 1.842     | 0.7913    | 3.099     | 1.864     | 1.0       |
| 5         | 0.9136    | 6.122     | 0.7418    | 2.169     | 1.733     | 1.0       |
| 6         | 0.9262    | 7.854     | 0.7599    | 3.057     | 2.185     | 1.0       |
| 7         | 0.928     | 6.079     | 0.7512    | 1.26      | 2.898     | 1.0       |
| 8         | 0.9221    | 8.086     | 0.7914    | 1.391     | 2.368     | 1.0       |
| 9         | 0.9429    | 1.229     | 0.8486    | 1.138     | 2.819     | 1.0       |
| 10        | 0.9301    | 6.629     | 0.7935    | 3.08      | 2.093     | 1.0       |
| 11        | 0.9276    | 0.01097   | 0.9763    | 4.291     | 2.928     | 1.0       |
| 12        | 0.948     | 1.297     | 1.0       | 4.65      | 1.0       | 1.0       |
| 13        | 0.9525    | 0.2501    | 0.7       | 3.231     | 1.0       | 1.0       |
| 14        | 0.936     | 0.01484   | 0.8082    | 1.518     | 1.058     | 1.0       |
| 15        | 0.9392    | 2.736     | 0.7       | 5.0       | 1.671     | 1.0       |
| 16        | 0.9346    | 5.688     | 1.0       | 5.0       | 3.0       | 1.0       |
| 17        | 0.936     | 0.01      | 0.7       | 5.0       | 1.0       | 1.0       |
| 18        | 0.9507    | 0.8857    | 1.0       | 3.739     | 1.412     | 1.0       |
| 19        | 0.9355    | 0.01      | 0.7       | 3.373     | 1.725     | 1.0       |
| 20        | 0.9525    | 0.5481    | 0.7       | 3.991     | 1.0       | 1.0       |
| 21        | 0.9457    | 2.555     | 0.9995    | 3.95      | 2.985     | 1.0       |
| 22        | 0.9293    | 2.87      | 1.0       | 1.974     | 3.0       | 1.0       |
| 23        | 0.9491    | 1.074     | 1.0       | 2.741     | 1.0       | 1.0       |
| 24        | 0.9408    | 2.157     | 1.0       | 3.734     | 1.0       | 1.0       |
| 25        | 0.9001    | 10.0      | 1.0       | 5.0       | 1.0       | 1.0       |
| 26        | 0.9397    | 2.129     | 0.7       | 1.0       | 1.0       | 1.0       |
| 27        | 0.9487    | 2.058     | 0.7       | 5.0       | 3.0       | 1.0       |
| 28        | 0.9224    | 5.356     | 0.7       | 5.0       | 1.0       | 1.0       |
| 29        | 0.895     | 10.0      | 1.0       | 1.0       | 1.0       | 1.0       |
| 30        | 0.9426    | 3.653     | 0.7       | 5.0       | 3.0       | 1.0       |
| 31        | 0.9523    | 1.029     | 1.0       | 5.0       | 2.047     | 1.0       |
| 32        | 0.9275    | 7.633     | 0.7       | 5.0       | 3.0       | 1.0       |
| 33        | 0.9504    | 1.855     | 1.0       | 5.0       | 2.287     | 1.0       |
| 34        | 0.9078    | 0.01      | 1.0       | 1.0       | 3.0       | 1.0       |
| 35        | 0.9355    | 0.01      | 1.0       | 3.747     | 1.0       | 1.0       |
| 36        | 0.9517    | 0.7517    | 0.7       | 4.483     | 1.628     | 1.0       |
| 37        | 0.9274    | 3.868     | 0.7       | 1.0       | 1.0       | 1.0       |
| 38        | 0.9414    | 2.039     | 0.7       | 1.0       | 2.277     | 1.0       |
| 39        | 0.9357    | 4.728     | 0.7       | 3.522     | 3.0       | 1.0       |
| 40        | 0.9523    | 0.4757    | 0.7       | 2.53      | 1.0       | 1.0       |
| 41        | 0.95      | 0.9952    | 0.7       | 3.317     | 1.0       | 1.0       |
| 42        | 0.946     | 1.334     | 0.7595    | 1.855     | 1.726     | 1.0       |
| 43        | 0.9416    | 1.416     | 0.7       | 2.619     | 3.0       | 1.0       |
| 44        | 0.9503    | 1.541     | 0.9279    | 4.112     | 2.993     | 1.0       |
| 45        | 0.9511    | 1.14      | 0.7165    | 4.967     | 2.972     | 1.0       |
| 46        | 0.9309    | 3.459     | 0.7       | 2.981     | 1.0       | 1.0       |
| 47        | 0.919     | 10.0      | 0.7       | 3.158     | 3.0       | 1.0       |
| 48        | 0.9441    | 0.1442    | 0.9995    | 4.953     | 2.014     | 1.0       |
